<?xml version="1.0" encoding="UTF-8"?>
<!-- Generated by org.testng.reporters.JUnitXMLReporter -->
<testsuite ignored="0" hostname="DESKTOP-SKH3QB9" failures="2" tests="2" name="ChromeTest" time="4.09" errors="0" timestamp="2025-05-30T07:57:55 IST">
  <testcase classname="testNgDemo.CrossBrowserTests" name="getHomePageTitle" time="0.744">
    <failure type="java.lang.AssertionError" message="Error in home page title expected [Swag Labs..] but found [Swag Labs]">
      <![CDATA[java.lang.AssertionError: Error in home page title expected [Swag Labs..] but found [Swag Labs]
at testNgDemo.CrossBrowserTests.getHomePageTitle(CrossBrowserTests.java:47)
at java.base/java.util.ArrayList.forEach(ArrayList.java:1511)
at com.intellij.rt.testng.IDEARemoteTestNG.run(IDEARemoteTestNG.java:65)
at com.intellij.rt.testng.RemoteTestNGStarter.main(RemoteTestNGStarter.java:105)
... Removed 29 stack frames]]>
    </failure>
  </testcase> <!-- getHomePageTitle -->
  <testcase classname="testNgDemo.CrossBrowserTests" name="getHomePageTitleSoftAssert" time="0.74">
    <failure type="java.lang.AssertionError" message="The following asserts failed:
	Error in home page title expected [Swag Labs..] but found [Swag Labs],
	Price is not matching for the product expected [29.99] but found [$29.99]">
      <![CDATA[java.lang.AssertionError: The following asserts failed:
Error in home page title expected [Swag Labs..] but found [Swag Labs],
Price is not matching for the product expected [29.99] but found [$29.99]
at testNgDemo.CrossBrowserTests.getHomePageTitleSoftAssert(CrossBrowserTests.java:79)
at java.base/java.util.ArrayList.forEach(ArrayList.java:1511)
at com.intellij.rt.testng.IDEARemoteTestNG.run(IDEARemoteTestNG.java:65)
at com.intellij.rt.testng.RemoteTestNGStarter.main(RemoteTestNGStarter.java:105)
... Removed 26 stack frames]]>
    </failure>
  </testcase> <!-- getHomePageTitleSoftAssert -->
</testsuite> <!-- ChromeTest -->
